2023-11-27 17:33:14 [scrapy.utils.log] INFO: Scrapy 2.11.0 started (bot: server)
2023-11-27 17:33:14 [scrapy.utils.log] INFO: Versions: lxml 4.9.3.0, libxml2 2.10.3, cssselect 1.2.0, parsel 1.8.1, w3lib 2.1.2, Twisted 22.10.0, Python 3.11.5 (main, Aug 25 2023, 13:19:53) [GCC 9.4.0], pyOpenSSL 23.3.0 (OpenSSL 3.1.4 24 Oct 2023), cryptography 41.0.5, Platform Linux-5.15.0-89-generic-x86_64-with-glibc2.31
2023-11-27 17:33:14 [scrapy.addons] INFO: Enabled addons:
[]
2023-11-27 17:33:14 [asyncio] DEBUG: Using selector: EpollSelector
2023-11-27 17:33:14 [scrapy.utils.log] DEBUG: Using reactor: twisted.internet.asyncioreactor.AsyncioSelectorReactor
2023-11-27 17:33:14 [scrapy.utils.log] DEBUG: Using asyncio event loop: asyncio.unix_events._UnixSelectorEventLoop
2023-11-27 17:33:14 [scrapy.extensions.telnet] INFO: Telnet Password: 161830542736c5e1
2023-11-27 17:33:14 [scrapy.middleware] INFO: Enabled extensions:
['scrapy.extensions.corestats.CoreStats',
 'scrapy.extensions.telnet.TelnetConsole',
 'scrapy.extensions.memusage.MemoryUsage',
 'scrapy.extensions.logstats.LogStats']
2023-11-27 17:33:14 [scrapy.crawler] INFO: Overridden settings:
{'BOT_NAME': 'server',
 'FEED_EXPORT_ENCODING': 'utf-8',
 'LOG_FILE': 'logs/default/zdrofit_gym/a7edefba8d4211eeafcdcf0f3f40d3ec.log',
 'NEWSPIDER_MODULE': 'server.spiders',
 'REQUEST_FINGERPRINTER_IMPLEMENTATION': '2.7',
 'ROBOTSTXT_OBEY': True,
 'SPIDER_MODULES': ['server.spiders'],
 'TWISTED_REACTOR': 'twisted.internet.asyncioreactor.AsyncioSelectorReactor'}
2023-11-27 17:33:14 [scrapy.middleware] INFO: Enabled downloader middlewares:
['scrapy.downloadermiddlewares.robotstxt.RobotsTxtMiddleware',
 'scrapy.downloadermiddlewares.httpauth.HttpAuthMiddleware',
 'scrapy.downloadermiddlewares.downloadtimeout.DownloadTimeoutMiddleware',
 'scrapy.downloadermiddlewares.defaultheaders.DefaultHeadersMiddleware',
 'scrapy.downloadermiddlewares.useragent.UserAgentMiddleware',
 'scrapy.downloadermiddlewares.retry.RetryMiddleware',
 'scrapy.downloadermiddlewares.redirect.MetaRefreshMiddleware',
 'scrapy.downloadermiddlewares.httpcompression.HttpCompressionMiddleware',
 'scrapy.downloadermiddlewares.redirect.RedirectMiddleware',
 'scrapy.downloadermiddlewares.cookies.CookiesMiddleware',
 'scrapy.downloadermiddlewares.httpproxy.HttpProxyMiddleware',
 'scrapy.downloadermiddlewares.stats.DownloaderStats']
2023-11-27 17:33:14 [scrapy.middleware] INFO: Enabled spider middlewares:
['scrapy.spidermiddlewares.httperror.HttpErrorMiddleware',
 'scrapy.spidermiddlewares.offsite.OffsiteMiddleware',
 'scrapy.spidermiddlewares.referer.RefererMiddleware',
 'scrapy.spidermiddlewares.urllength.UrlLengthMiddleware',
 'scrapy.spidermiddlewares.depth.DepthMiddleware']
2023-11-27 17:33:14 [scrapy.middleware] INFO: Enabled item pipelines:
[]
2023-11-27 17:33:14 [scrapy.core.engine] INFO: Spider opened
2023-11-27 17:33:14 [scrapy.extensions.logstats] INFO: Crawled 0 pages (at 0 pages/min), scraped 0 items (at 0 items/min)
2023-11-27 17:33:14 [scrapy.extensions.telnet] INFO: Telnet console listening on 127.0.0.1:6023
2023-11-27 17:33:14 [scrapy.core.engine] ERROR: Error while obtaining start requests
Traceback (most recent call last):
  File "/home/t1waz/PersonalProjects/SportSpotter-Crawler/.venv/lib/python3.11/site-packages/scrapy/core/engine.py", line 181, in _next_request
    request = next(self.slot.start_requests)
              ^^^^^^^^^^^^^^^^^^^^^^^^^^^^^^
  File "/home/t1waz/PersonalProjects/SportSpotter-Crawler/services/server/server/spiders/zdrofit_gym.py", line 25, in start_requests
    yield scrapy.Request(
          ^^^^^^^^^^^^^^^
  File "/home/t1waz/PersonalProjects/SportSpotter-Crawler/.venv/lib/python3.11/site-packages/scrapy/http/request/__init__.py", line 93, in __init__
    self._set_url(url)
  File "/home/t1waz/PersonalProjects/SportSpotter-Crawler/.venv/lib/python3.11/site-packages/scrapy/http/request/__init__.py", line 133, in _set_url
    raise TypeError(f"Request url must be str, got {type(url).__name__}")
TypeError: Request url must be str, got NoneType
2023-11-27 17:33:14 [scrapy.core.engine] INFO: Closing spider (finished)
2023-11-27 17:33:14 [scrapy.statscollectors] INFO: Dumping Scrapy stats:
{'elapsed_time_seconds': 0.002152,
 'finish_reason': 'finished',
 'finish_time': datetime.datetime(2023, 11, 27, 16, 33, 14, 533222, tzinfo=datetime.timezone.utc),
 'log_count/DEBUG': 3,
 'log_count/ERROR': 1,
 'log_count/INFO': 10,
 'memusage/max': 71278592,
 'memusage/startup': 71278592,
 'start_time': datetime.datetime(2023, 11, 27, 16, 33, 14, 531070, tzinfo=datetime.timezone.utc)}
2023-11-27 17:33:14 [scrapy.core.engine] INFO: Spider closed (finished)
